2024-01-01 14:16:28,080 INFO  [Log] Application Open 
2024-01-01 14:16:28,647 INFO  [Log] login completed 
2024-01-01 14:16:31,787 INFO  [Log] employeid completed 
2024-01-01 14:16:34,877 INFO  [Log] search foe employee 
2024-01-01 14:19:52,984 INFO  [Log] Application Open 
2024-01-01 14:19:54,144 INFO  [Log] login completed 
2024-01-01 14:19:57,377 INFO  [Log] employeid completed 
2024-01-01 14:20:00,467 INFO  [Log] search foe employee 
2024-01-01 14:20:04,110 INFO  [Log] check box completed 
2024-01-01 14:20:07,675 INFO  [Log] delete button completed 
2024-01-01 14:20:10,694 INFO  [Log] frame completed 
2024-01-01 14:20:10,760 INFO  [Log] logout completd 
2024-01-01 14:22:03,501 INFO  [Log] Application Open 
2024-01-01 14:22:04,549 INFO  [Log] login completed 
2024-01-01 14:22:07,683 INFO  [Log] employeid completed 
2024-01-01 14:22:10,762 INFO  [Log] search foe employee 
2024-01-01 14:22:14,655 INFO  [Log] check box completed 
2024-01-01 14:22:18,207 INFO  [Log] delete button completed 
2024-01-01 14:22:21,224 INFO  [Log] frame completed 
2024-01-01 14:22:21,337 INFO  [Log] logout completd 
2024-01-01 14:22:21,556 INFO  [Log] application closed 
2024-01-01 14:37:51,819 INFO  [Log] Application Open 
2024-01-01 14:37:52,974 INFO  [Log] login completed 
2024-01-01 14:37:56,124 INFO  [Log] employeid completed 
2024-01-01 14:37:59,207 INFO  [Log] search foe employee 
2024-01-01 14:39:01,940 INFO  [Log] Application Open 
2024-01-01 14:39:02,812 INFO  [Log] login completed 
2024-01-01 14:39:05,948 INFO  [Log] employeid completed 
2024-01-01 14:39:09,017 INFO  [Log] search foe employee 
2024-01-01 14:39:12,737 INFO  [Log] check box completed 
2024-01-01 14:39:16,335 INFO  [Log] delete button completed 
2024-01-01 14:39:19,350 INFO  [Log] frame completed 
2024-01-01 14:39:19,444 INFO  [Log] logout completd 
2024-01-01 14:39:19,929 INFO  [Log] application closed 
